0 info it worked if it ends with ok
1 verbose cli [ 'C:\\Program Files\\nodejs\\node.exe',
1 verbose cli   'C:\\Program Files\\nodejs\\node_modules\\npm\\bin\\npm-cli.js',
1 verbose cli   'i',
1 verbose cli   '--save',
1 verbose cli   'microtime' ]
2 info using npm@2.15.5
3 info using node@v4.4.5
4 verbose config Skipping project config: C:\Users\joe/.npmrc. (matches userconfig)
5 verbose install initial load of C:\Users\joe\package.json
6 verbose installManyTop reading scoped package data from C:\Users\joe\node_modules\agario-client\package.json
7 verbose installManyTop reading scoped package data from C:\Users\joe\node_modules\ajax-request\package.json
8 verbose installManyTop reading scoped package data from C:\Users\joe\node_modules\appjs\package.json
9 verbose installManyTop reading scoped package data from C:\Users\joe\node_modules\appjs-win32\package.json
10 verbose installManyTop reading scoped package data from C:\Users\joe\node_modules\async\package.json
11 verbose installManyTop reading scoped package data from C:\Users\joe\node_modules\benchmark\package.json
12 verbose installManyTop reading scoped package data from C:\Users\joe\node_modules\better-console\package.json
13 verbose installManyTop reading scoped package data from C:\Users\joe\node_modules\brain\package.json
14 verbose installManyTop reading scoped package data from C:\Users\joe\node_modules\buffer-crc32\package.json
15 verbose installManyTop reading scoped package data from C:\Users\joe\node_modules\chokidar\package.json
16 verbose installManyTop reading scoped package data from C:\Users\joe\node_modules\console.table\package.json
17 verbose installManyTop reading scoped package data from C:\Users\joe\node_modules\crypto\package.json
18 verbose installManyTop reading scoped package data from C:\Users\joe\node_modules\css\package.json
19 verbose installManyTop reading scoped package data from C:\Users\joe\node_modules\death\package.json
20 verbose installManyTop reading scoped package data from C:\Users\joe\node_modules\electron-prebuilt\package.json
21 verbose installManyTop reading scoped package data from C:\Users\joe\node_modules\feedparser\package.json
22 verbose installManyTop reading scoped package data from C:\Users\joe\node_modules\getmac\package.json
23 verbose installManyTop reading scoped package data from C:\Users\joe\node_modules\html-entities\package.json
24 verbose installManyTop reading scoped package data from C:\Users\joe\node_modules\jsdom\package.json
25 verbose installManyTop reading scoped package data from C:\Users\joe\node_modules\json-socket\package.json
26 verbose installManyTop reading scoped package data from C:\Users\joe\node_modules\kijiji-scraper\package.json
27 verbose installManyTop reading scoped package data from C:\Users\joe\node_modules\koa-session-memcached\package.json
28 verbose installManyTop reading scoped package data from C:\Users\joe\node_modules\kraken-exchange-api\package.json
29 verbose installManyTop reading scoped package data from C:\Users\joe\node_modules\machine_learning\package.json
30 verbose installManyTop reading scoped package data from C:\Users\joe\node_modules\monk\package.json
31 verbose installManyTop reading scoped package data from C:\Users\joe\node_modules\mysql\package.json
32 verbose installManyTop reading scoped package data from C:\Users\joe\node_modules\nodalytics\package.json
33 verbose installManyTop reading scoped package data from C:\Users\joe\node_modules\node-gyp\package.json
34 verbose installManyTop reading scoped package data from C:\Users\joe\node_modules\node-webkit-builder\package.json
35 verbose installManyTop reading scoped package data from C:\Users\joe\node_modules\nodewebkit\package.json
36 verbose installManyTop reading scoped package data from C:\Users\joe\node_modules\nw\package.json
37 verbose installManyTop reading scoped package data from C:\Users\joe\node_modules\pusher\package.json
38 verbose installManyTop reading scoped package data from C:\Users\joe\node_modules\pusher-client\package.json
39 verbose installManyTop reading scoped package data from C:\Users\joe\node_modules\pusher-js\package.json
40 verbose installManyTop reading scoped package data from C:\Users\joe\node_modules\rebuild\package.json
41 verbose installManyTop reading scoped package data from C:\Users\joe\node_modules\request\package.json
42 verbose installManyTop reading scoped package data from C:\Users\joe\node_modules\requirejs\package.json
43 verbose installManyTop reading scoped package data from C:\Users\joe\node_modules\svm\package.json
44 verbose installManyTop reading scoped package data from C:\Users\joe\node_modules\synaptic\package.json
45 verbose installManyTop reading scoped package data from C:\Users\joe\node_modules\uoft-api\package.json
46 verbose installManyTop reading scoped package data from C:\Users\joe\node_modules\websocket\package.json
47 verbose installManyTop reading scoped package data from C:\Users\joe\node_modules\ws\package.json
48 info package.json appjs@0.0.20 No license field.
49 info package.json appjs-win32@0.0.19 No license field.
50 info package.json brain@0.7.0 No license field.
51 info package.json getmac@1.0.6 license should be a valid SPDX license expression
52 info package.json json-socket@0.1.2 No license field.
53 info package.json monk@1.0.1 No license field.
54 info package.json nw@0.0.0 No repository field.
55 info package.json nw@0.0.0 No README data
56 info package.json rebuild@0.1.2 No license field.
57 info package.json svm@0.1.1 No license field.
58 info package.json better-console@0.2.4 license should be a valid SPDX license expression
59 info package.json crypto@0.0.3 crypto is also the name of a node core module.
60 info package.json crypto@0.0.3 No license field.
61 info package.json chokidar@0.12.5 No license field.
62 info package.json death@1.0.0 No license field.
63 info package.json nodalytics@1.1.0 No license field.
64 info package.json node-gyp@1.0.2 No license field.
65 info package.json requirejs@2.1.15 No license field.
66 info package.json synaptic@0.1.3 license should be a valid SPDX license expression
67 verbose readDependencies loading dependencies from C:\Users\joe\package.json
68 silly cache add args [ 'microtime', null ]
69 verbose cache add spec microtime
70 silly cache add parsed spec Result {
70 silly cache add   raw: 'microtime',
70 silly cache add   scope: null,
70 silly cache add   name: 'microtime',
70 silly cache add   rawSpec: '',
70 silly cache add   spec: 'latest',
70 silly cache add   type: 'tag' }
71 silly addNamed microtime@latest
72 verbose addNamed "latest" is being treated as a dist-tag for microtime
73 info addNameTag [ 'microtime', 'latest' ]
74 silly mapToRegistry name microtime
75 silly mapToRegistry using default registry
76 silly mapToRegistry registry https://registry.npmjs.org/
77 silly mapToRegistry data Result {
77 silly mapToRegistry   raw: 'microtime',
77 silly mapToRegistry   scope: null,
77 silly mapToRegistry   name: 'microtime',
77 silly mapToRegistry   rawSpec: '',
77 silly mapToRegistry   spec: 'latest',
77 silly mapToRegistry   type: 'tag' }
78 silly mapToRegistry uri https://registry.npmjs.org/microtime
79 verbose addNameTag registry:https://registry.npmjs.org/microtime not in flight; fetching
80 verbose request uri https://registry.npmjs.org/microtime
81 verbose request no auth needed
82 info attempt registry request try #1 at 1:45:00 PM
83 verbose request using bearer token for auth
84 verbose request id 963cb12cc7a861bc
85 http request GET https://registry.npmjs.org/microtime
86 http 200 https://registry.npmjs.org/microtime
87 verbose headers { server: 'CouchDB/1.5.0 (Erlang OTP/R16B03)',
87 verbose headers   etag: '"87SNWA36BXNBHOO7DR4Z9L6SV"',
87 verbose headers   'content-type': 'application/json',
87 verbose headers   'content-encoding': 'gzip',
87 verbose headers   'cache-control': 'max-age=300',
87 verbose headers   'transfer-encoding': 'chunked',
87 verbose headers   'accept-ranges': 'bytes',
87 verbose headers   date: 'Fri, 15 Jul 2016 20:44:57 GMT',
87 verbose headers   via: '1.1 varnish',
87 verbose headers   connection: 'keep-alive',
87 verbose headers   'x-served-by': 'cache-sjc3635-SJC',
87 verbose headers   'x-cache': 'MISS',
87 verbose headers   'x-cache-hits': '0',
87 verbose headers   'x-timer': 'S1468615497.055678,VS0,VE142',
87 verbose headers   vary: 'Accept-Encoding' }
88 silly get cb [ 200,
88 silly get   { server: 'CouchDB/1.5.0 (Erlang OTP/R16B03)',
88 silly get     etag: '"87SNWA36BXNBHOO7DR4Z9L6SV"',
88 silly get     'content-type': 'application/json',
88 silly get     'content-encoding': 'gzip',
88 silly get     'cache-control': 'max-age=300',
88 silly get     'transfer-encoding': 'chunked',
88 silly get     'accept-ranges': 'bytes',
88 silly get     date: 'Fri, 15 Jul 2016 20:44:57 GMT',
88 silly get     via: '1.1 varnish',
88 silly get     connection: 'keep-alive',
88 silly get     'x-served-by': 'cache-sjc3635-SJC',
88 silly get     'x-cache': 'MISS',
88 silly get     'x-cache-hits': '0',
88 silly get     'x-timer': 'S1468615497.055678,VS0,VE142',
88 silly get     vary: 'Accept-Encoding' } ]
89 verbose get saving microtime to C:\Users\joe\AppData\Roaming\npm-cache\registry.npmjs.org\microtime\.cache.json
90 verbose correctMkdir C:\Users\joe\AppData\Roaming\npm-cache correctMkdir not in flight; initializing
91 silly addNameTag next cb for microtime with tag latest
92 silly addNamed microtime@2.1.1
93 verbose addNamed "2.1.1" is a plain semver version for microtime
94 silly mapToRegistry name microtime
95 silly mapToRegistry using default registry
96 silly mapToRegistry registry https://registry.npmjs.org/
97 silly mapToRegistry data Result {
97 silly mapToRegistry   raw: 'microtime',
97 silly mapToRegistry   scope: null,
97 silly mapToRegistry   name: 'microtime',
97 silly mapToRegistry   rawSpec: '',
97 silly mapToRegistry   spec: 'latest',
97 silly mapToRegistry   type: 'tag' }
98 silly mapToRegistry uri https://registry.npmjs.org/microtime
99 verbose addRemoteTarball https://registry.npmjs.org/microtime/-/microtime-2.1.1.tgz not in flight; adding
100 verbose addRemoteTarball [ 'https://registry.npmjs.org/microtime/-/microtime-2.1.1.tgz',
100 verbose addRemoteTarball   '654294b560e32fc97c4bf4b8156d5f2e4d5fd183' ]
101 info retry fetch attempt 1 at 1:45:01 PM
102 info attempt registry request try #1 at 1:45:01 PM
103 http fetch GET https://registry.npmjs.org/microtime/-/microtime-2.1.1.tgz
104 verbose request using bearer token for auth
105 http fetch 200 https://registry.npmjs.org/microtime/-/microtime-2.1.1.tgz
106 silly fetchAndShaCheck shasum 654294b560e32fc97c4bf4b8156d5f2e4d5fd183
107 verbose addTmpTarball C:\Users\joe\AppData\Local\Temp\npm-7972-2d2ad132\registry.npmjs.org\microtime\-\microtime-2.1.1.tgz not in flight; adding
108 verbose addTmpTarball already have metadata; skipping unpack for microtime@2.1.1
109 verbose correctMkdir C:\Users\joe\AppData\Roaming\npm-cache correctMkdir not in flight; initializing
110 silly cache afterAdd microtime@2.1.1
111 verbose afterAdd C:\Users\joe\AppData\Roaming\npm-cache\microtime\2.1.1\package\package.json not in flight; writing
112 verbose correctMkdir C:\Users\joe\AppData\Roaming\npm-cache correctMkdir not in flight; initializing
113 verbose afterAdd C:\Users\joe\AppData\Roaming\npm-cache\microtime\2.1.1\package\package.json written
114 silly install resolved [ { name: 'microtime',
114 silly install resolved     version: '2.1.1',
114 silly install resolved     description: 'Get the current time in microseconds',
114 silly install resolved     author:
114 silly install resolved      { name: 'Wade Simmons',
114 silly install resolved        email: 'wade@wades.im',
114 silly install resolved        url: 'http://wades.im/mons' },
114 silly install resolved     homepage: 'https://github.com/wadey/node-microtime',
114 silly install resolved     repository:
114 silly install resolved      { type: 'git',
114 silly install resolved        url: 'git://github.com/wadey/node-microtime.git' },
114 silly install resolved     main: './index',
114 silly install resolved     license: 'MIT',
114 silly install resolved     engines: { node: '>= 0.8.0' },
114 silly install resolved     scripts: { test: 'node test.js', install: 'node-gyp rebuild' },
114 silly install resolved     dependencies: { bindings: '1.2.x', nan: '2.3.x' },
114 silly install resolved     gypfile: true,
114 silly install resolved     gitHead: '16994df8517938da07794b869c3f9ae1a90dc8a7',
114 silly install resolved     bugs: { url: 'https://github.com/wadey/node-microtime/issues' },
114 silly install resolved     _id: 'microtime@2.1.1',
114 silly install resolved     _shasum: '654294b560e32fc97c4bf4b8156d5f2e4d5fd183',
114 silly install resolved     _from: 'microtime@latest',
114 silly install resolved     _npmVersion: '2.14.12',
114 silly install resolved     _nodeVersion: '4.4.3',
114 silly install resolved     _npmUser: { name: 'wadey', email: 'wade@wades.im' },
114 silly install resolved     dist:
114 silly install resolved      { shasum: '654294b560e32fc97c4bf4b8156d5f2e4d5fd183',
114 silly install resolved        tarball: 'https://registry.npmjs.org/microtime/-/microtime-2.1.1.tgz' },
114 silly install resolved     maintainers: [ [Object] ],
114 silly install resolved     _npmOperationalInternal:
114 silly install resolved      { host: 'packages-12-west.internal.npmjs.com',
114 silly install resolved        tmp: 'tmp/microtime-2.1.1.tgz_1461796960317_0.8632879168726504' },
114 silly install resolved     directories: {},
114 silly install resolved     _resolved: 'https://registry.npmjs.org/microtime/-/microtime-2.1.1.tgz' } ]
115 info install microtime@2.1.1 into C:\Users\joe
116 info installOne microtime@2.1.1
117 verbose installOne of microtime to C:\Users\joe not in flight; installing
118 verbose correctMkdir C:\Users\joe\AppData\Roaming\npm-cache\_locks correctMkdir not in flight; initializing
119 verbose lock using C:\Users\joe\AppData\Roaming\npm-cache\_locks\microtime-ac6a3886cb11323e.lock for C:\Users\joe\node_modules\microtime
120 silly install write writing microtime 2.1.1 to C:\Users\joe\node_modules\microtime
121 verbose unbuild node_modules\microtime
122 silly gentlyRm C:\Users\joe\node_modules\microtime is being purged from base C:\Users\joe
123 verbose gentlyRm don't care about contents; nuking C:\Users\joe\node_modules\microtime
124 verbose tar unpack C:\Users\joe\AppData\Roaming\npm-cache\microtime\2.1.1\package.tgz
125 verbose tar unpacking to C:\Users\joe\node_modules\microtime
126 silly gentlyRm C:\Users\joe\node_modules\microtime is being purged
127 verbose gentlyRm don't care about contents; nuking C:\Users\joe\node_modules\microtime
128 silly gunzTarPerm modes [ '777', '666' ]
129 silly gunzTarPerm extractEntry package.json
130 silly gunzTarPerm modified mode [ 'package.json', 420, 438 ]
131 silly gunzTarPerm extractEntry .npmignore
132 silly gunzTarPerm modified mode [ '.npmignore', 420, 438 ]
133 silly gunzTarPerm extractEntry README.md
134 silly gunzTarPerm modified mode [ 'README.md', 420, 438 ]
135 silly gunzTarPerm extractEntry LICENSE
136 silly gunzTarPerm modified mode [ 'LICENSE', 420, 438 ]
137 silly gunzTarPerm extractEntry index.js
138 silly gunzTarPerm modified mode [ 'index.js', 420, 438 ]
139 silly gunzTarPerm extractEntry test.js
140 silly gunzTarPerm modified mode [ 'test.js', 420, 438 ]
141 silly gunzTarPerm extractEntry .appveyor.yml
142 silly gunzTarPerm modified mode [ '.appveyor.yml', 420, 438 ]
143 silly gunzTarPerm extractEntry .travis.yml
144 silly gunzTarPerm modified mode [ '.travis.yml', 420, 438 ]
145 silly gunzTarPerm extractEntry binding.gyp
146 silly gunzTarPerm modified mode [ 'binding.gyp', 420, 438 ]
147 silly gunzTarPerm extractEntry src/microtime.cc
148 silly gunzTarPerm modified mode [ 'src/microtime.cc', 420, 438 ]
149 verbose write writing to C:\Users\joe\node_modules\microtime\package.json
150 info preinstall microtime@2.1.1
151 verbose readDependencies loading dependencies from C:\Users\joe\node_modules\microtime\package.json
152 silly prepareForInstallMany adding bindings@1.2.x from microtime dependencies
153 silly prepareForInstallMany adding nan@2.3.x from microtime dependencies
154 verbose readDependencies loading dependencies from C:\Users\joe\node_modules\microtime\package.json
155 silly cache add args [ 'nan@2.3.x', null ]
156 verbose cache add spec nan@2.3.x
157 silly cache add parsed spec Result {
157 silly cache add   raw: 'nan@2.3.x',
157 silly cache add   scope: null,
157 silly cache add   name: 'nan',
157 silly cache add   rawSpec: '2.3.x',
157 silly cache add   spec: '>=2.3.0 <2.4.0',
157 silly cache add   type: 'range' }
158 silly addNamed nan@>=2.3.0 <2.4.0
159 verbose addNamed ">=2.3.0 <2.4.0" is a valid semver range for nan
160 silly addNameRange { name: 'nan', range: '>=2.3.0 <2.4.0', hasData: false }
161 silly mapToRegistry name nan
162 silly mapToRegistry using default registry
163 silly mapToRegistry registry https://registry.npmjs.org/
164 silly mapToRegistry data Result {
164 silly mapToRegistry   raw: 'nan',
164 silly mapToRegistry   scope: null,
164 silly mapToRegistry   name: 'nan',
164 silly mapToRegistry   rawSpec: '',
164 silly mapToRegistry   spec: 'latest',
164 silly mapToRegistry   type: 'tag' }
165 silly mapToRegistry uri https://registry.npmjs.org/nan
166 verbose addNameRange registry:https://registry.npmjs.org/nan not in flight; fetching
167 silly cache add args [ 'bindings@1.2.x', null ]
168 verbose cache add spec bindings@1.2.x
169 silly cache add parsed spec Result {
169 silly cache add   raw: 'bindings@1.2.x',
169 silly cache add   scope: null,
169 silly cache add   name: 'bindings',
169 silly cache add   rawSpec: '1.2.x',
169 silly cache add   spec: '>=1.2.0 <1.3.0',
169 silly cache add   type: 'range' }
170 silly addNamed bindings@>=1.2.0 <1.3.0
171 verbose addNamed ">=1.2.0 <1.3.0" is a valid semver range for bindings
172 silly addNameRange { name: 'bindings', range: '>=1.2.0 <1.3.0', hasData: false }
173 silly mapToRegistry name bindings
174 silly mapToRegistry using default registry
175 silly mapToRegistry registry https://registry.npmjs.org/
176 silly mapToRegistry data Result {
176 silly mapToRegistry   raw: 'bindings',
176 silly mapToRegistry   scope: null,
176 silly mapToRegistry   name: 'bindings',
176 silly mapToRegistry   rawSpec: '',
176 silly mapToRegistry   spec: 'latest',
176 silly mapToRegistry   type: 'tag' }
177 silly mapToRegistry uri https://registry.npmjs.org/bindings
178 verbose addNameRange registry:https://registry.npmjs.org/bindings not in flight; fetching
179 verbose request uri https://registry.npmjs.org/bindings
180 verbose request no auth needed
181 info attempt registry request try #1 at 1:45:02 PM
182 verbose request using bearer token for auth
183 http request GET https://registry.npmjs.org/bindings
184 verbose request uri https://registry.npmjs.org/nan
185 verbose request no auth needed
186 info attempt registry request try #1 at 1:45:02 PM
187 verbose request using bearer token for auth
188 verbose etag "12RFHNMU7CS3WJ1892HQLM0NB"
189 http request GET https://registry.npmjs.org/nan
190 http 200 https://registry.npmjs.org/bindings
191 verbose headers { server: 'CouchDB/1.5.0 (Erlang OTP/R16B03)',
191 verbose headers   etag: '"33TX4J3DNTGF7K41ZUV6OA182"',
191 verbose headers   'content-type': 'application/json',
191 verbose headers   'content-encoding': 'gzip',
191 verbose headers   'cache-control': 'max-age=300',
191 verbose headers   'transfer-encoding': 'chunked',
191 verbose headers   'accept-ranges': 'bytes',
191 verbose headers   date: 'Fri, 15 Jul 2016 20:44:58 GMT',
191 verbose headers   via: '1.1 varnish',
191 verbose headers   connection: 'keep-alive',
191 verbose headers   'x-served-by': 'cache-sjc3635-SJC',
191 verbose headers   'x-cache': 'MISS',
191 verbose headers   'x-cache-hits': '0',
191 verbose headers   'x-timer': 'S1468615498.790611,VS0,VE139',
191 verbose headers   vary: 'Accept-Encoding' }
192 silly get cb [ 200,
192 silly get   { server: 'CouchDB/1.5.0 (Erlang OTP/R16B03)',
192 silly get     etag: '"33TX4J3DNTGF7K41ZUV6OA182"',
192 silly get     'content-type': 'application/json',
192 silly get     'content-encoding': 'gzip',
192 silly get     'cache-control': 'max-age=300',
192 silly get     'transfer-encoding': 'chunked',
192 silly get     'accept-ranges': 'bytes',
192 silly get     date: 'Fri, 15 Jul 2016 20:44:58 GMT',
192 silly get     via: '1.1 varnish',
192 silly get     connection: 'keep-alive',
192 silly get     'x-served-by': 'cache-sjc3635-SJC',
192 silly get     'x-cache': 'MISS',
192 silly get     'x-cache-hits': '0',
192 silly get     'x-timer': 'S1468615498.790611,VS0,VE139',
192 silly get     vary: 'Accept-Encoding' } ]
193 verbose get saving bindings to C:\Users\joe\AppData\Roaming\npm-cache\registry.npmjs.org\bindings\.cache.json
194 verbose correctMkdir C:\Users\joe\AppData\Roaming\npm-cache correctMkdir not in flight; initializing
195 silly addNameRange number 2 { name: 'bindings', range: '>=1.2.0 <1.3.0', hasData: true }
196 silly addNameRange versions [ 'bindings',
196 silly addNameRange   [ '0.0.1',
196 silly addNameRange     '0.1.0',
196 silly addNameRange     '0.1.1',
196 silly addNameRange     '0.2.0',
196 silly addNameRange     '0.2.1',
196 silly addNameRange     '0.2.2',
196 silly addNameRange     '0.2.3',
196 silly addNameRange     '0.2.4',
196 silly addNameRange     '0.3.0',
196 silly addNameRange     '0.4.0',
196 silly addNameRange     '1.0.0',
196 silly addNameRange     '1.1.0',
196 silly addNameRange     '1.1.1',
196 silly addNameRange     '1.2.0',
196 silly addNameRange     '1.2.1' ] ]
197 silly addNamed bindings@1.2.1
198 verbose addNamed "1.2.1" is a plain semver version for bindings
199 silly mapToRegistry name bindings
200 silly mapToRegistry using default registry
201 silly mapToRegistry registry https://registry.npmjs.org/
202 silly mapToRegistry data Result {
202 silly mapToRegistry   raw: 'bindings',
202 silly mapToRegistry   scope: null,
202 silly mapToRegistry   name: 'bindings',
202 silly mapToRegistry   rawSpec: '',
202 silly mapToRegistry   spec: 'latest',
202 silly mapToRegistry   type: 'tag' }
203 silly mapToRegistry uri https://registry.npmjs.org/bindings
204 verbose addRemoteTarball https://registry.npmjs.org/bindings/-/bindings-1.2.1.tgz not in flight; adding
205 verbose addRemoteTarball [ 'https://registry.npmjs.org/bindings/-/bindings-1.2.1.tgz',
205 verbose addRemoteTarball   '14ad6113812d2d37d72e67b4cacb4bb726505f11' ]
206 info retry fetch attempt 1 at 1:45:03 PM
207 info attempt registry request try #1 at 1:45:03 PM
208 http fetch GET https://registry.npmjs.org/bindings/-/bindings-1.2.1.tgz
209 verbose request using bearer token for auth
210 http fetch 200 https://registry.npmjs.org/bindings/-/bindings-1.2.1.tgz
211 silly fetchAndShaCheck shasum 14ad6113812d2d37d72e67b4cacb4bb726505f11
212 http 200 https://registry.npmjs.org/nan
213 verbose headers { server: 'CouchDB/1.5.0 (Erlang OTP/R16B03)',
213 verbose headers   etag: '"2POVJEDCD6LOO0Y53S1HJ4UMJ"',
213 verbose headers   'content-type': 'application/json',
213 verbose headers   'content-encoding': 'gzip',
213 verbose headers   'cache-control': 'max-age=300',
213 verbose headers   'transfer-encoding': 'chunked',
213 verbose headers   'accept-ranges': 'bytes',
213 verbose headers   date: 'Fri, 15 Jul 2016 20:44:59 GMT',
213 verbose headers   via: '1.1 varnish',
213 verbose headers   connection: 'keep-alive',
213 verbose headers   'x-served-by': 'cache-sjc3128-SJC',
213 verbose headers   'x-cache': 'MISS',
213 verbose headers   'x-cache-hits': '0',
213 verbose headers   'x-timer': 'S1468615499.001845,VS0,VE68',
213 verbose headers   vary: 'Accept-Encoding' }
214 silly get cb [ 200,
214 silly get   { server: 'CouchDB/1.5.0 (Erlang OTP/R16B03)',
214 silly get     etag: '"2POVJEDCD6LOO0Y53S1HJ4UMJ"',
214 silly get     'content-type': 'application/json',
214 silly get     'content-encoding': 'gzip',
214 silly get     'cache-control': 'max-age=300',
214 silly get     'transfer-encoding': 'chunked',
214 silly get     'accept-ranges': 'bytes',
214 silly get     date: 'Fri, 15 Jul 2016 20:44:59 GMT',
214 silly get     via: '1.1 varnish',
214 silly get     connection: 'keep-alive',
214 silly get     'x-served-by': 'cache-sjc3128-SJC',
214 silly get     'x-cache': 'MISS',
214 silly get     'x-cache-hits': '0',
214 silly get     'x-timer': 'S1468615499.001845,VS0,VE68',
214 silly get     vary: 'Accept-Encoding' } ]
215 verbose get saving nan to C:\Users\joe\AppData\Roaming\npm-cache\registry.npmjs.org\nan\.cache.json
216 verbose correctMkdir C:\Users\joe\AppData\Roaming\npm-cache correctMkdir not in flight; initializing
217 verbose addTmpTarball C:\Users\joe\AppData\Local\Temp\npm-7972-2d2ad132\registry.npmjs.org\bindings\-\bindings-1.2.1.tgz not in flight; adding
218 verbose addTmpTarball already have metadata; skipping unpack for bindings@1.2.1
219 verbose correctMkdir C:\Users\joe\AppData\Roaming\npm-cache correctMkdir not in flight; initializing
220 silly cache afterAdd bindings@1.2.1
221 verbose afterAdd C:\Users\joe\AppData\Roaming\npm-cache\bindings\1.2.1\package\package.json not in flight; writing
222 verbose correctMkdir C:\Users\joe\AppData\Roaming\npm-cache correctMkdir not in flight; initializing
223 verbose afterAdd C:\Users\joe\AppData\Roaming\npm-cache\bindings\1.2.1\package\package.json written
224 silly addNameRange number 2 { name: 'nan', range: '>=2.3.0 <2.4.0', hasData: true }
225 silly addNameRange versions [ 'nan',
225 silly addNameRange   [ '0.3.0-wip',
225 silly addNameRange     '0.3.0-wip2',
225 silly addNameRange     '0.3.0',
225 silly addNameRange     '0.3.1',
225 silly addNameRange     '0.3.2',
225 silly addNameRange     '0.4.0',
225 silly addNameRange     '0.4.1',
225 silly addNameRange     '0.4.2',
225 silly addNameRange     '0.4.3',
225 silly addNameRange     '0.4.4',
225 silly addNameRange     '0.5.0',
225 silly addNameRange     '0.5.1',
225 silly addNameRange     '0.5.2',
225 silly addNameRange     '0.6.0',
225 silly addNameRange     '0.7.0',
225 silly addNameRange     '0.7.1',
225 silly addNameRange     '0.8.0',
225 silly addNameRange     '1.0.0',
225 silly addNameRange     '1.1.0',
225 silly addNameRange     '1.1.1',
225 silly addNameRange     '1.1.2',
225 silly addNameRange     '1.2.0',
225 silly addNameRange     '1.3.0',
225 silly addNameRange     '1.4.0',
225 silly addNameRange     '1.4.1',
225 silly addNameRange     '1.5.0',
225 silly addNameRange     '1.4.2',
225 silly addNameRange     '1.4.3',
225 silly addNameRange     '1.5.1',
225 silly addNameRange     '1.5.2',
225 silly addNameRange     '1.6.0',
225 silly addNameRange     '1.5.3',
225 silly addNameRange     '1.6.1',
225 silly addNameRange     '1.6.2',
225 silly addNameRange     '1.7.0',
225 silly addNameRange     '1.8.0',
225 silly addNameRange     '1.8.1',
225 silly addNameRange     '1.8.2',
225 silly addNameRange     '1.8.3',
225 silly addNameRange     '1.8.4',
225 silly addNameRange     '1.9.0',
225 silly addNameRange     '2.0.0',
225 silly addNameRange     '2.0.1',
225 silly addNameRange     '2.0.2',
225 silly addNameRange     '2.0.3',
225 silly addNameRange     '2.0.4',
225 silly addNameRange     '2.0.5',
225 silly addNameRange     '2.0.6',
225 silly addNameRange     '2.0.7',
225 silly addNameRange     '2.0.8',
225 silly addNameRange     '2.0.9',
225 silly addNameRange     '2.1.0',
225 silly addNameRange     '2.2.0',
225 silly addNameRange     '2.2.1',
225 silly addNameRange     '2.3.0',
225 silly addNameRange     '2.3.1',
225 silly addNameRange     '2.3.2',
225 silly addNameRange     '2.3.3',
225 silly addNameRange     '2.3.4',
225 silly addNameRange     '2.3.5',
225 silly addNameRange     '2.4.0' ] ]
226 silly addNamed nan@2.3.5
227 verbose addNamed "2.3.5" is a plain semver version for nan
228 silly cache afterAdd nan@2.3.5
229 verbose afterAdd C:\Users\joe\AppData\Roaming\npm-cache\nan\2.3.5\package\package.json not in flight; writing
230 verbose correctMkdir C:\Users\joe\AppData\Roaming\npm-cache correctMkdir not in flight; initializing
231 verbose afterAdd C:\Users\joe\AppData\Roaming\npm-cache\nan\2.3.5\package\package.json written
232 silly install resolved [ { name: 'bindings',
232 silly install resolved     description: 'Helper module for loading your native module\'s .node file',
232 silly install resolved     keywords: [ 'native', 'addon', 'bindings', 'gyp', 'waf', 'c', 'c++' ],
232 silly install resolved     version: '1.2.1',
232 silly install resolved     author:
232 silly install resolved      { name: 'Nathan Rajlich',
232 silly install resolved        email: 'nathan@tootallnate.net',
232 silly install resolved        url: 'http://tootallnate.net' },
232 silly install resolved     repository:
232 silly install resolved      { type: 'git',
232 silly install resolved        url: 'git://github.com/TooTallNate/node-bindings.git' },
232 silly install resolved     main: './bindings.js',
232 silly install resolved     bugs: { url: 'https://github.com/TooTallNate/node-bindings/issues' },
232 silly install resolved     homepage: 'https://github.com/TooTallNate/node-bindings',
232 silly install resolved     license: 'MIT',
232 silly install resolved     gitHead: 'e404152ee27f8478ccbc7122ee051246e8e5ec02',
232 silly install resolved     _id: 'bindings@1.2.1',
232 silly install resolved     scripts: {},
232 silly install resolved     _shasum: '14ad6113812d2d37d72e67b4cacb4bb726505f11',
232 silly install resolved     _from: 'bindings@>=1.2.0 <1.3.0',
232 silly install resolved     _npmVersion: '1.4.14',
232 silly install resolved     _npmUser: { name: 'tootallnate', email: 'nathan@tootallnate.net' },
232 silly install resolved     maintainers: [ [Object], [Object] ],
232 silly install resolved     dist:
232 silly install resolved      { shasum: '14ad6113812d2d37d72e67b4cacb4bb726505f11',
232 silly install resolved        tarball: 'https://registry.npmjs.org/bindings/-/bindings-1.2.1.tgz' },
232 silly install resolved     directories: {},
232 silly install resolved     _resolved: 'https://registry.npmjs.org/bindings/-/bindings-1.2.1.tgz' },
232 silly install resolved   { name: 'nan',
232 silly install resolved     version: '2.3.5',
232 silly install resolved     description: 'Native Abstractions for Node.js: C++ header for Node 0.8 -> 6 compatibility',
232 silly install resolved     main: 'include_dirs.js',
232 silly install resolved     repository: { type: 'git', url: 'git://github.com/nodejs/nan.git' },
232 silly install resolved     scripts:
232 silly install resolved      { test: 'tap --gc --stderr test/js/*-test.js',
232 silly install resolved        'rebuild-tests': 'node-gyp rebuild --msvs_version=2013 --directory test',
232 silly install resolved        docs: 'doc/.build.sh' },
232 silly install resolved     contributors:
232 silly install resolved      [ [Object],
232 silly install resolved        [Object],
232 silly install resolved        [Object],
232 silly install resolved        [Object],
232 silly install resolved        [Object],
232 silly install resolved        [Object],
232 silly install resolved        [Object] ],
232 silly install resolved     devDependencies:
232 silly install resolved      { bindings: '~1.2.1',
232 silly install resolved        commander: '^2.8.1',
232 silly install resolved        glob: '^5.0.14',
232 silly install resolved        'node-gyp': '~3.0.1',
232 silly install resolved        tap: '~0.7.1',
232 silly install resolved        xtend: '~4.0.0' },
232 silly install resolved     license: 'MIT',
232 silly install resolved     bugs: { url: 'https://github.com/nodejs/nan/issues' },
232 silly install resolved     homepage: 'https://github.com/nodejs/nan#readme',
232 silly install resolved     _id: 'nan@2.3.5',
232 silly install resolved     _shasum: '822a0dc266290ce4cd3a12282ca3e7e364668a08',
232 silly install resolved     _resolved: 'https://registry.npmjs.org/nan/-/nan-2.3.5.tgz',
232 silly install resolved     _from: 'nan@>=2.3.0 <2.4.0',
232 silly install resolved     _npmVersion: '3.3.6',
232 silly install resolved     _nodeVersion: '5.0.0',
232 silly install resolved     _npmUser: { name: 'kkoopa', email: 'bbyholm@abo.fi' },
232 silly install resolved     dist:
232 silly install resolved      { shasum: '822a0dc266290ce4cd3a12282ca3e7e364668a08',
232 silly install resolved        tarball: 'https://registry.npmjs.org/nan/-/nan-2.3.5.tgz' },
232 silly install resolved     maintainers: [ [Object], [Object] ],
232 silly install resolved     _npmOperationalInternal:
232 silly install resolved      { host: 'packages-12-west.internal.npmjs.com',
232 silly install resolved        tmp: 'tmp/nan-2.3.5.tgz_1464707164994_0.4295874561648816' },
232 silly install resolved     directories: {},
232 silly install resolved     readme: 'ERROR: No README data found!' } ]
233 info install bindings@1.2.1 into C:\Users\joe\node_modules\microtime
234 info install nan@2.3.5 into C:\Users\joe\node_modules\microtime
235 info installOne bindings@1.2.1
236 verbose installOne of bindings to C:\Users\joe\node_modules\microtime not in flight; installing
237 verbose correctMkdir C:\Users\joe\AppData\Roaming\npm-cache\_locks correctMkdir not in flight; initializing
238 info installOne nan@2.3.5
239 verbose installOne of nan to C:\Users\joe\node_modules\microtime not in flight; installing
240 verbose correctMkdir C:\Users\joe\AppData\Roaming\npm-cache\_locks correctMkdir not in flight; initializing
241 verbose lock using C:\Users\joe\AppData\Roaming\npm-cache\_locks\bindings-d426f558cc56b8e9.lock for C:\Users\joe\node_modules\microtime\node_modules\bindings
242 verbose lock using C:\Users\joe\AppData\Roaming\npm-cache\_locks\nan-e3f65ec99711b7c1.lock for C:\Users\joe\node_modules\microtime\node_modules\nan
243 silly install write writing bindings 1.2.1 to C:\Users\joe\node_modules\microtime\node_modules\bindings
244 silly install write writing nan 2.3.5 to C:\Users\joe\node_modules\microtime\node_modules\nan
245 verbose unbuild node_modules\microtime\node_modules\bindings
246 silly gentlyRm C:\Users\joe\node_modules\microtime\node_modules\bindings is being purged from base C:\Users\joe
247 verbose gentlyRm don't care about contents; nuking C:\Users\joe\node_modules\microtime\node_modules\bindings
248 verbose tar unpack C:\Users\joe\AppData\Roaming\npm-cache\bindings\1.2.1\package.tgz
249 verbose tar unpacking to C:\Users\joe\node_modules\microtime\node_modules\bindings
250 silly gentlyRm C:\Users\joe\node_modules\microtime\node_modules\bindings is being purged
251 verbose gentlyRm don't care about contents; nuking C:\Users\joe\node_modules\microtime\node_modules\bindings
252 silly gunzTarPerm modes [ '777', '666' ]
253 silly gunzTarPerm extractEntry package.json
254 silly gunzTarPerm modified mode [ 'package.json', 420, 438 ]
255 silly gunzTarPerm extractEntry README.md
256 silly gunzTarPerm modified mode [ 'README.md', 420, 438 ]
257 silly gunzTarPerm extractEntry bindings.js
258 silly gunzTarPerm modified mode [ 'bindings.js', 420, 438 ]
259 verbose write writing to C:\Users\joe\node_modules\microtime\node_modules\bindings\package.json
260 info preinstall bindings@1.2.1
261 verbose readDependencies loading dependencies from C:\Users\joe\node_modules\microtime\node_modules\bindings\package.json
262 verbose readDependencies loading dependencies from C:\Users\joe\node_modules\microtime\node_modules\bindings\package.json
263 silly install resolved []
264 verbose about to build C:\Users\joe\node_modules\microtime\node_modules\bindings
265 info build C:\Users\joe\node_modules\microtime\node_modules\bindings
266 info linkStuff bindings@1.2.1
267 silly linkStuff bindings@1.2.1 has C:\Users\joe\node_modules\microtime\node_modules as its parent node_modules
268 verbose linkBins bindings@1.2.1
269 verbose linkMans bindings@1.2.1
270 verbose rebuildBundles bindings@1.2.1
271 info install bindings@1.2.1
272 info postinstall bindings@1.2.1
273 verbose unlock done using C:\Users\joe\AppData\Roaming\npm-cache\_locks\bindings-d426f558cc56b8e9.lock for C:\Users\joe\node_modules\microtime\node_modules\bindings
274 verbose unbuild node_modules\microtime\node_modules\nan
275 silly gentlyRm C:\Users\joe\node_modules\microtime\node_modules\nan is being purged from base C:\Users\joe
276 verbose gentlyRm don't care about contents; nuking C:\Users\joe\node_modules\microtime\node_modules\nan
277 verbose tar unpack C:\Users\joe\AppData\Roaming\npm-cache\nan\2.3.5\package.tgz
278 verbose tar unpacking to C:\Users\joe\node_modules\microtime\node_modules\nan
279 silly gentlyRm C:\Users\joe\node_modules\microtime\node_modules\nan is being purged
280 verbose gentlyRm don't care about contents; nuking C:\Users\joe\node_modules\microtime\node_modules\nan
281 silly gunzTarPerm modes [ '777', '666' ]
282 silly gunzTarPerm extractEntry package.json
283 silly gunzTarPerm modified mode [ 'package.json', 436, 438 ]
284 silly gunzTarPerm extractEntry README.md
285 silly gunzTarPerm modified mode [ 'README.md', 436, 438 ]
286 silly gunzTarPerm extractEntry include_dirs.js
287 silly gunzTarPerm modified mode [ 'include_dirs.js', 436, 438 ]
288 silly gunzTarPerm extractEntry nan_converters.h
289 silly gunzTarPerm modified mode [ 'nan_converters.h', 436, 438 ]
290 silly gunzTarPerm extractEntry LICENSE.md
291 silly gunzTarPerm modified mode [ 'LICENSE.md', 436, 438 ]
292 silly gunzTarPerm extractEntry doc/node_misc.md
293 silly gunzTarPerm modified mode [ 'doc/node_misc.md', 436, 438 ]
294 silly gunzTarPerm extractEntry doc/asyncworker.md
295 silly gunzTarPerm modified mode [ 'doc/asyncworker.md', 436, 438 ]
296 silly gunzTarPerm extractEntry doc/callback.md
297 silly gunzTarPerm modified mode [ 'doc/callback.md', 436, 438 ]
298 silly gunzTarPerm extractEntry doc/converters.md
299 silly gunzTarPerm modified mode [ 'doc/converters.md', 436, 438 ]
300 silly gunzTarPerm extractEntry doc/errors.md
301 silly gunzTarPerm modified mode [ 'doc/errors.md', 436, 438 ]
302 silly gunzTarPerm extractEntry doc/maybe_types.md
303 silly gunzTarPerm modified mode [ 'doc/maybe_types.md', 436, 438 ]
304 silly gunzTarPerm extractEntry doc/methods.md
305 silly gunzTarPerm modified mode [ 'doc/methods.md', 436, 438 ]
306 silly gunzTarPerm extractEntry doc/new.md
307 silly gunzTarPerm modified mode [ 'doc/new.md', 436, 438 ]
308 silly gunzTarPerm extractEntry doc/buffers.md
309 silly gunzTarPerm modified mode [ 'doc/buffers.md', 436, 438 ]
310 silly gunzTarPerm extractEntry doc/object_wrappers.md
311 silly gunzTarPerm modified mode [ 'doc/object_wrappers.md', 436, 438 ]
312 silly gunzTarPerm extractEntry doc/persistent.md
313 silly gunzTarPerm modified mode [ 'doc/persistent.md', 436, 438 ]
314 silly gunzTarPerm extractEntry doc/scopes.md
315 silly gunzTarPerm modified mode [ 'doc/scopes.md', 436, 438 ]
316 silly gunzTarPerm extractEntry doc/script.md
317 silly gunzTarPerm modified mode [ 'doc/script.md', 436, 438 ]
318 silly gunzTarPerm extractEntry doc/string_bytes.md
319 silly gunzTarPerm modified mode [ 'doc/string_bytes.md', 436, 438 ]
320 silly gunzTarPerm extractEntry doc/v8_internals.md
321 silly gunzTarPerm modified mode [ 'doc/v8_internals.md', 436, 438 ]
322 silly gunzTarPerm extractEntry doc/v8_misc.md
323 silly gunzTarPerm modified mode [ 'doc/v8_misc.md', 436, 438 ]
324 silly gunzTarPerm extractEntry nan.h
325 silly gunzTarPerm modified mode [ 'nan.h', 436, 438 ]
326 silly gunzTarPerm extractEntry nan_callbacks.h
327 silly gunzTarPerm modified mode [ 'nan_callbacks.h', 436, 438 ]
328 silly gunzTarPerm extractEntry nan_callbacks_12_inl.h
329 silly gunzTarPerm modified mode [ 'nan_callbacks_12_inl.h', 436, 438 ]
330 silly gunzTarPerm extractEntry nan_callbacks_pre_12_inl.h
331 silly gunzTarPerm modified mode [ 'nan_callbacks_pre_12_inl.h', 436, 438 ]
332 silly gunzTarPerm extractEntry nan_converters_43_inl.h
333 silly gunzTarPerm modified mode [ 'nan_converters_43_inl.h', 436, 438 ]
334 silly gunzTarPerm extractEntry nan_converters_pre_43_inl.h
335 silly gunzTarPerm modified mode [ 'nan_converters_pre_43_inl.h', 436, 438 ]
336 silly gunzTarPerm extractEntry nan_implementation_12_inl.h
337 silly gunzTarPerm modified mode [ 'nan_implementation_12_inl.h', 436, 438 ]
338 silly gunzTarPerm extractEntry nan_implementation_pre_12_inl.h
339 silly gunzTarPerm modified mode [ 'nan_implementation_pre_12_inl.h', 436, 438 ]
340 silly gunzTarPerm extractEntry nan_maybe_43_inl.h
341 silly gunzTarPerm modified mode [ 'nan_maybe_43_inl.h', 436, 438 ]
342 silly gunzTarPerm extractEntry nan_maybe_pre_43_inl.h
343 silly gunzTarPerm modified mode [ 'nan_maybe_pre_43_inl.h', 436, 438 ]
344 silly gunzTarPerm extractEntry nan_new.h
345 silly gunzTarPerm modified mode [ 'nan_new.h', 436, 438 ]
346 silly gunzTarPerm extractEntry nan_object_wrap.h
347 silly gunzTarPerm modified mode [ 'nan_object_wrap.h', 436, 438 ]
348 silly gunzTarPerm extractEntry nan_persistent_12_inl.h
349 silly gunzTarPerm modified mode [ 'nan_persistent_12_inl.h', 436, 438 ]
350 silly gunzTarPerm extractEntry nan_persistent_pre_12_inl.h
351 silly gunzTarPerm modified mode [ 'nan_persistent_pre_12_inl.h', 436, 438 ]
352 silly gunzTarPerm extractEntry nan_string_bytes.h
353 silly gunzTarPerm modified mode [ 'nan_string_bytes.h', 436, 438 ]
354 silly gunzTarPerm extractEntry nan_typedarray_contents.h
355 silly gunzTarPerm modified mode [ 'nan_typedarray_contents.h', 436, 438 ]
356 silly gunzTarPerm extractEntry nan_weak.h
357 silly gunzTarPerm modified mode [ 'nan_weak.h', 436, 438 ]
358 silly gunzTarPerm extractEntry CHANGELOG.md
359 silly gunzTarPerm modified mode [ 'CHANGELOG.md', 436, 438 ]
360 silly gunzTarPerm extractEntry tools/package.json
361 silly gunzTarPerm modified mode [ 'tools/package.json', 436, 438 ]
362 silly gunzTarPerm extractEntry tools/README.md
363 silly gunzTarPerm modified mode [ 'tools/README.md', 436, 438 ]
364 silly gunzTarPerm extractEntry tools/1to2.js
365 silly gunzTarPerm modified mode [ 'tools/1to2.js', 509, 511 ]
366 verbose write writing to C:\Users\joe\node_modules\microtime\node_modules\nan\package.json
367 info preinstall nan@2.3.5
368 verbose readDependencies loading dependencies from C:\Users\joe\node_modules\microtime\node_modules\nan\package.json
369 verbose readDependencies loading dependencies from C:\Users\joe\node_modules\microtime\node_modules\nan\package.json
370 silly install resolved []
371 verbose about to build C:\Users\joe\node_modules\microtime\node_modules\nan
372 info build C:\Users\joe\node_modules\microtime\node_modules\nan
373 info linkStuff nan@2.3.5
374 silly linkStuff nan@2.3.5 has C:\Users\joe\node_modules\microtime\node_modules as its parent node_modules
375 verbose linkBins nan@2.3.5
376 verbose linkMans nan@2.3.5
377 verbose rebuildBundles nan@2.3.5
378 info install nan@2.3.5
379 info postinstall nan@2.3.5
380 verbose unlock done using C:\Users\joe\AppData\Roaming\npm-cache\_locks\nan-e3f65ec99711b7c1.lock for C:\Users\joe\node_modules\microtime\node_modules\nan
381 verbose about to build C:\Users\joe\node_modules\microtime
382 info build C:\Users\joe\node_modules\microtime
383 info linkStuff microtime@2.1.1
384 silly linkStuff microtime@2.1.1 has C:\Users\joe\node_modules as its parent node_modules
385 verbose linkBins microtime@2.1.1
386 verbose linkMans microtime@2.1.1
387 verbose rebuildBundles microtime@2.1.1
388 verbose rebuildBundles [ 'bindings', 'nan' ]
389 info install microtime@2.1.1
390 verbose unsafe-perm in lifecycle true
391 info microtime@2.1.1 Failed to exec install script
392 verbose unlock done using C:\Users\joe\AppData\Roaming\npm-cache\_locks\microtime-ac6a3886cb11323e.lock for C:\Users\joe\node_modules\microtime
393 verbose stack Error: microtime@2.1.1 install: `node-gyp rebuild`
393 verbose stack Exit status 1
393 verbose stack     at EventEmitter.<anonymous> (C:\Program Files\nodejs\node_modules\npm\lib\utils\lifecycle.js:217:16)
393 verbose stack     at emitTwo (events.js:87:13)
393 verbose stack     at EventEmitter.emit (events.js:172:7)
393 verbose stack     at ChildProcess.<anonymous> (C:\Program Files\nodejs\node_modules\npm\lib\utils\spawn.js:24:14)
393 verbose stack     at emitTwo (events.js:87:13)
393 verbose stack     at ChildProcess.emit (events.js:172:7)
393 verbose stack     at maybeClose (internal/child_process.js:827:16)
393 verbose stack     at Process.ChildProcess._handle.onexit (internal/child_process.js:211:5)
394 verbose pkgid microtime@2.1.1
395 verbose cwd C:\Users\joe\Dropbox\projects\bigintjs
396 error Windows_NT 6.3.9600
397 error argv "C:\\Program Files\\nodejs\\node.exe" "C:\\Program Files\\nodejs\\node_modules\\npm\\bin\\npm-cli.js" "i" "--save" "microtime"
398 error node v4.4.5
399 error npm  v2.15.5
400 error code ELIFECYCLE
401 error microtime@2.1.1 install: `node-gyp rebuild`
401 error Exit status 1
402 error Failed at the microtime@2.1.1 install script 'node-gyp rebuild'.
402 error This is most likely a problem with the microtime package,
402 error not with npm itself.
402 error Tell the author that this fails on your system:
402 error     node-gyp rebuild
402 error You can get information on how to open an issue for this project with:
402 error     npm bugs microtime
402 error Or if that isn't available, you can get their info via:
402 error
402 error     npm owner ls microtime
402 error There is likely additional logging output above.
403 verbose exit [ 1, true ]
404 verbose unbuild node_modules\microtime
405 info preuninstall microtime@2.1.1
406 info uninstall microtime@2.1.1
407 verbose unbuild rmStuff microtime@2.1.1 from C:\Users\joe\node_modules
408 info postuninstall microtime@2.1.1
409 silly gentlyRm C:\Users\joe\node_modules\microtime is being purged from base C:\Users\joe
410 verbose gentlyRm don't care about contents; nuking C:\Users\joe\node_modules\microtime
411 silly vacuum-fs purging C:\Users\joe\node_modules\microtime
412 silly vacuum-fs quitting because other entries in C:\Users\joe\node_modules
